-------------------------------------------------------------------------------
Test set: manager.inMemory.InMemoryTaskManagerTest
-------------------------------------------------------------------------------
Tests run: 17, Failures: 2, Errors: 7, Skipped: 0, Time elapsed: 0.066 s <<< FAILURE! - in manager.inMemory.InMemoryTaskManagerTest
shouldUpdateEpic  Time elapsed: 0.024 s  <<< ERROR!
manager.exceptions.NoSuchEpicException: не добавлен эпик к которому относится добавляемая подазадача

shouldRemoveAllEpics  Time elapsed: 0.001 s  <<< ERROR!
manager.exceptions.NoSuchEpicException: не добавлен эпик к которому относится добавляемая подазадача

shouldRemoveAllTasks  Time elapsed: 0.002 s  <<< ERROR!
manager.exceptions.NoSuchEpicException: не добавлен эпик к которому относится добавляемая подазадача

shouldRemoveAllSubtasks  Time elapsed: 0.002 s  <<< ERROR!
manager.exceptions.NoSuchEpicException: не добавлен эпик к которому относится добавляемая подазадача

shouldReturnPrioritizedTasks  Time elapsed: 0.002 s  <<< ERROR!
manager.exceptions.NoSuchEpicException: не добавлен эпик к которому относится добавляемая подазадача

shouldRemoveEpicWithItsSubtasks  Time elapsed: 0.004 s  <<< FAILURE!
org.opentest4j.AssertionFailedError: Expected manager.exceptions.InvalidIdException to be thrown, but nothing was thrown.

shouldRemoveTask  Time elapsed: 0.002 s  <<< FAILURE!
org.opentest4j.AssertionFailedError: Expected manager.exceptions.InvalidIdException to be thrown, but nothing was thrown.

shouldGenerateAndSetTaskId  Time elapsed: 0.001 s  <<< ERROR!
manager.exceptions.NoSuchEpicException: не добавлен эпик к которому относится добавляемая подазадача

shouldReturnHistoryInCorrectOrder  Time elapsed: 0.001 s  <<< ERROR!
manager.exceptions.NoSuchEpicException: не добавлен эпик к которому относится добавляемая подазадача

