-------------------------------------------------------------------------------
Test set: manager.fileBacked.FileBackedTaskManagerTest
-------------------------------------------------------------------------------
Tests run: 20, Failures: 0, Errors: 18, Skipped: 0, Time elapsed: 0.182 s <<< FAILURE! - in manager.fileBacked.FileBackedTaskManagerTest
shouldAddNewTask  Time elapsed: 0.012 s  <<< ERROR!
java.lang.NullPointerException: Cannot invoke "java.time.ZonedDateTime.isAfter(java.time.chrono.ChronoZonedDateTime)" because the return value of "tasks.Task.getStartTime()" is null

shouldUpdateEpic  Time elapsed: 0.003 s  <<< ERROR!
java.lang.NullPointerException: Cannot invoke "java.time.ZonedDateTime.isAfter(java.time.chrono.ChronoZonedDateTime)" because the return value of "tasks.Task.getStartTime()" is null

shouldUpdateTask  Time elapsed: 0.003 s  <<< ERROR!
java.lang.NullPointerException: Cannot invoke "java.time.ZonedDateTime.isAfter(java.time.chrono.ChronoZonedDateTime)" because the return value of "tasks.Task.getStartTime()" is null

shouldRemoveAllEpics  Time elapsed: 0.002 s  <<< ERROR!
java.lang.NullPointerException: Cannot invoke "java.time.ZonedDateTime.isAfter(java.time.chrono.ChronoZonedDateTime)" because the return value of "tasks.Task.getStartTime()" is null

shouldRemoveAllTasks  Time elapsed: 0.003 s  <<< ERROR!
java.lang.NullPointerException: Cannot invoke "java.time.ZonedDateTime.isAfter(java.time.chrono.ChronoZonedDateTime)" because the return value of "tasks.Task.getStartTime()" is null

shouldRemoveAllSubtasks  Time elapsed: 0.003 s  <<< ERROR!
java.lang.NullPointerException: Cannot invoke "java.time.ZonedDateTime.isAfter(java.time.chrono.ChronoZonedDateTime)" because the return value of "tasks.Task.getStartTime()" is null

shouldReturnPrioritizedTasks  Time elapsed: 0.002 s  <<< ERROR!
java.lang.NullPointerException: Cannot invoke "java.time.ZonedDateTime.isAfter(java.time.chrono.ChronoZonedDateTime)" because the return value of "tasks.Task.getStartTime()" is null

shouldRemoveEpicWithItsSubtasks  Time elapsed: 0.004 s  <<< ERROR!
java.lang.NullPointerException: Cannot invoke "java.time.ZonedDateTime.isAfter(java.time.chrono.ChronoZonedDateTime)" because the return value of "tasks.Task.getStartTime()" is null

shouldUpdateSubtask  Time elapsed: 0.004 s  <<< ERROR!
java.lang.NullPointerException: Cannot invoke "java.time.ZonedDateTime.isAfter(java.time.chrono.ChronoZonedDateTime)" because the return value of "tasks.Task.getStartTime()" is null

shouldRemoveTask  Time elapsed: 0.003 s  <<< ERROR!
java.lang.NullPointerException: Cannot invoke "java.time.ZonedDateTime.isAfter(java.time.chrono.ChronoZonedDateTime)" because the return value of "tasks.Task.getStartTime()" is null

shouldThrowNoTimeExceptionWhenAddingTimeIntersectingTask  Time elapsed: 0.003 s  <<< ERROR!
java.lang.NullPointerException: Cannot invoke "java.time.ZonedDateTime.isAfter(java.time.chrono.ChronoZonedDateTime)" because the return value of "tasks.Task.getStartTime()" is null

shouldThrowNoTimeExceptionWhenAddingDuplicateTask  Time elapsed: 0.002 s  <<< ERROR!
java.lang.NullPointerException: Cannot invoke "java.time.ZonedDateTime.isAfter(java.time.chrono.ChronoZonedDateTime)" because the return value of "tasks.Task.getStartTime()" is null

shouldReturnHistoryInCorrectOrder  Time elapsed: 0.002 s  <<< ERROR!
java.lang.NullPointerException: Cannot invoke "java.time.ZonedDateTime.isAfter(java.time.chrono.ChronoZonedDateTime)" because the return value of "tasks.Task.getStartTime()" is null

shouldAddNewSubtask  Time elapsed: 0.008 s  <<< ERROR!
java.lang.NullPointerException: Cannot invoke "java.time.ZonedDateTime.isAfter(java.time.chrono.ChronoZonedDateTime)" because the return value of "tasks.Task.getStartTime()" is null

shouldRemoveSubtask  Time elapsed: 0.004 s  <<< ERROR!
java.lang.NullPointerException: Cannot invoke "java.time.ZonedDateTime.isAfter(java.time.chrono.ChronoZonedDateTime)" because the return value of "tasks.Task.getStartTime()" is null

shouldSaveEpicsWithSubtasks  Time elapsed: 0.004 s  <<< ERROR!
java.lang.NullPointerException: Cannot invoke "java.time.ZonedDateTime.isAfter(java.time.chrono.ChronoZonedDateTime)" because the return value of "tasks.Task.getStartTime()" is null
	at manager.fileBacked.FileBackedTaskManagerTest.initEpicsAndSubtasks(FileBackedTaskManagerTest.java:64)
	at manager.fileBacked.FileBackedTaskManagerTest.shouldSaveEpicsWithSubtasks(FileBackedTaskManagerTest.java:78)

shouldSaveTasksToFile  Time elapsed: 0.002 s  <<< ERROR!
java.lang.NullPointerException: Cannot invoke "java.time.ZonedDateTime.isAfter(java.time.chrono.ChronoZonedDateTime)" because the return value of "tasks.Task.getStartTime()" is null
	at manager.fileBacked.FileBackedTaskManagerTest.initTasks(FileBackedTaskManagerTest.java:45)
	at manager.fileBacked.FileBackedTaskManagerTest.shouldSaveTasksToFile(FileBackedTaskManagerTest.java:71)

shouldSaveHistory  Time elapsed: 0.002 s  <<< ERROR!
java.lang.NullPointerException: Cannot invoke "java.time.ZonedDateTime.isAfter(java.time.chrono.ChronoZonedDateTime)" because the return value of "tasks.Task.getStartTime()" is null
	at manager.fileBacked.FileBackedTaskManagerTest.initTasks(FileBackedTaskManagerTest.java:45)
	at manager.fileBacked.FileBackedTaskManagerTest.shouldSaveHistory(FileBackedTaskManagerTest.java:87)

