<?xml version="1.0" encoding="UTF-8"?>
<testsuite xmlns:xsi="http://www.w3.org/2001/XMLSchema-instance" xsi:noNamespaceSchemaLocation="https://maven.apache.org/surefire/maven-surefire-plugin/xsd/surefire-test-report.xsd" name="manager.InMemoryTaskManagerTest" time="0.023" tests="17" errors="0" skipped="0" failures="0">
  <properties>
[...]
</properties>
  <testcase name="shouldAddNewEpic" classname="manager.InMemoryTaskManagerTest" time="0"/>
  <testcase name="shouldAddNewTask" classname="manager.InMemoryTaskManagerTest" time="0"/>
  <testcase name="shouldUpdateEpic" classname="manager.InMemoryTaskManagerTest" time="0"/>
  <testcase name="shouldUpdateTask" classname="manager.InMemoryTaskManagerTest" time="0"/>
  <testcase name="shouldRemoveAllEpics" classname="manager.InMemoryTaskManagerTest" time="0"/>
  <testcase name="shouldRemoveAllTasks" classname="manager.InMemoryTaskManagerTest" time="0"/>
  <testcase name="shouldRemoveAllSubtasks" classname="manager.InMemoryTaskManagerTest" time="0.001"/>
  <testcase name="shouldReturnPrioritizedTasks" classname="manager.InMemoryTaskManagerTest" time="0"/>
  <testcase name="shouldRemoveEpicWithItsSubtasks" classname="manager.InMemoryTaskManagerTest" time="0.002"/>
  <testcase name="shouldUpdateSubtask" classname="manager.InMemoryTaskManagerTest" time="0.005"/>
  <testcase name="shouldRemoveTask" classname="manager.InMemoryTaskManagerTest" time="0.001"/>
  <testcase name="shouldGenerateAndSetTaskId" classname="manager.InMemoryTaskManagerTest" time="0"/>
  <testcase name="shouldThrowNoTimeExceptionWhenAddingTimeIntersectingTask" classname="manager.InMemoryTaskManagerTest" time="0.001"/>
  <testcase name="shouldThrowNoTimeExceptionWhenAddingDuplicateTask" classname="manager.InMemoryTaskManagerTest" time="0.001"/>
  <testcase name="shouldReturnHistoryInCorrectOrder" classname="manager.InMemoryTaskManagerTest" time="0.001"/>
  <testcase name="shouldAddNewSubtask" classname="manager.InMemoryTaskManagerTest" time="0.002"/>
  <testcase name="shouldRemoveSubtask" classname="manager.InMemoryTaskManagerTest" time="0.002"/>
</testsuite>