<?xml version="1.0" encoding="UTF-8"?>
<testsuite xmlns:xsi="http://www.w3.org/2001/XMLSchema-instance" xsi:noNamespaceSchemaLocation="https://maven.apache.org/surefire/maven-surefire-plugin/xsd/surefire-test-report.xsd" name="manager.fileBacked.FileBackedTaskManagerTest" time="0.27" tests="20" errors="4" skipped="0" failures="0">
  <properties>
[...]
</properties>
  <testcase name="shouldAddNewEpic" classname="manager.fileBacked.FileBackedTaskManagerTest" time="0.068"/>
  <testcase name="shouldAddNewTask" classname="manager.fileBacked.FileBackedTaskManagerTest" time="0.008"/>
  <testcase name="shouldUpdateEpic" classname="manager.fileBacked.FileBackedTaskManagerTest" time="0.018"/>
  <testcase name="shouldUpdateTask" classname="manager.fileBacked.FileBackedTaskManagerTest" time="0.012">
    <error message="Cannot invoke &quot;tasks.Task.getId()&quot; because &quot;oldTask&quot; is null" type="java.lang.NullPointerException">java.lang.NullPointerException: Cannot invoke "tasks.Task.getId()" because "oldTask" is null
</error>
  </testcase>
  <testcase name="shouldRemoveAllEpics" classname="manager.fileBacked.FileBackedTaskManagerTest" time="0.011"/>
  <testcase name="shouldRemoveAllTasks" classname="manager.fileBacked.FileBackedTaskManagerTest" time="0.009"/>
  <testcase name="shouldRemoveAllSubtasks" classname="manager.fileBacked.FileBackedTaskManagerTest" time="0.012">
    <error message="не добавлен эпик к которому относится добавляемая подазадача" type="manager.exceptions.NoSuchEpicException">manager.exceptions.NoSuchEpicException: не добавлен эпик к которому относится добавляемая подазадача
</error>
    <system-out><![CDATA[{3=Epic{name='epic', desc='desc of epic', id=3, status=NEW, type=EPIC, startTime=null, duration=0, endTime=null, subtasks=[]}}
Subtask{name='subtask', desc='desc of subtask', id=3, status=NEW, type=SUBTASK, startTime=2022-07-23T22:44:48.323834+04:00[Europe/Samara], duration=10, endTime=2022-07-23T22:54:48.323834+04:00[Europe/Samara], epicId=2}
]]></system-out>
  </testcase>
  <testcase name="shouldReturnPrioritizedTasks" classname="manager.fileBacked.FileBackedTaskManagerTest" time="0.01">
    <error message="не добавлен эпик к которому относится добавляемая подазадача" type="manager.exceptions.NoSuchEpicException">manager.exceptions.NoSuchEpicException: не добавлен эпик к которому относится добавляемая подазадача
</error>
    <system-out><![CDATA[{3=Epic{name='epic', desc='desc of epic', id=3, status=NEW, type=EPIC, startTime=null, duration=0, endTime=null, subtasks=[]}}
Subtask{name='subtask', desc='desc of subtask', id=3, status=NEW, type=SUBTASK, startTime=2022-07-23T22:44:48.336688+04:00[Europe/Samara], duration=10, endTime=2022-07-23T22:54:48.336688+04:00[Europe/Samara], epicId=2}
]]></system-out>
  </testcase>
  <testcase name="shouldRemoveEpicWithItsSubtasks" classname="manager.fileBacked.FileBackedTaskManagerTest" time="0.012"/>
  <testcase name="shouldUpdateSubtask" classname="manager.fileBacked.FileBackedTaskManagerTest" time="0.012"/>
  <testcase name="shouldRemoveTask" classname="manager.fileBacked.FileBackedTaskManagerTest" time="0.008"/>
  <testcase name="shouldGenerateAndSetTaskId" classname="manager.fileBacked.FileBackedTaskManagerTest" time="0.006">
    <error message="не добавлен эпик к которому относится добавляемая подазадача" type="manager.exceptions.NoSuchEpicException">manager.exceptions.NoSuchEpicException: не добавлен эпик к которому относится добавляемая подазадача
</error>
    <system-out><![CDATA[{1=Epic{name='epic', desc='desc of epic', id=1, status=NEW, type=EPIC, startTime=null, duration=0, endTime=null, subtasks=[]}}
Subtask{name='subtask', desc='desc of subtask', id=3, status=NEW, type=SUBTASK, startTime=2022-07-23T22:44:48.378563+04:00[Europe/Samara], duration=10, endTime=2022-07-23T22:54:48.378563+04:00[Europe/Samara], epicId=2}
]]></system-out>
  </testcase>
  <testcase name="shouldThrowNoTimeExceptionWhenAddingTimeIntersectingTask" classname="manager.fileBacked.FileBackedTaskManagerTest" time="0.006"/>
  <testcase name="shouldThrowNoTimeExceptionWhenAddingDuplicateTask" classname="manager.fileBacked.FileBackedTaskManagerTest" time="0.005"/>
  <testcase name="shouldReturnHistoryInCorrectOrder" classname="manager.fileBacked.FileBackedTaskManagerTest" time="0.012"/>
  <testcase name="shouldAddNewSubtask" classname="manager.fileBacked.FileBackedTaskManagerTest" time="0.01"/>
  <testcase name="shouldRemoveSubtask" classname="manager.fileBacked.FileBackedTaskManagerTest" time="0.009"/>
  <testcase name="shouldSaveEpicsWithSubtasks" classname="manager.fileBacked.FileBackedTaskManagerTest" time="0.012"/>
  <testcase name="shouldSaveTasksToFile" classname="manager.fileBacked.FileBackedTaskManagerTest" time="0.009"/>
  <testcase name="shouldSaveHistory" classname="manager.fileBacked.FileBackedTaskManagerTest" time="0.013"/>
</testsuite>