<?xml version="1.0" encoding="UTF-8"?>
<testsuite xmlns:xsi="http://www.w3.org/2001/XMLSchema-instance" xsi:noNamespaceSchemaLocation="https://maven.apache.org/surefire/maven-surefire-plugin/xsd/surefire-test-report.xsd" name="manager.inMemory.InMemoryTaskManagerTest" time="0.066" tests="17" errors="7" skipped="0" failures="2">
  <properties>
[...]
</properties>
  <testcase name="shouldAddNewEpic" classname="manager.inMemory.InMemoryTaskManagerTest" time="0"/>
  <testcase name="shouldAddNewTask" classname="manager.inMemory.InMemoryTaskManagerTest" time="0"/>
  <testcase name="shouldUpdateEpic" classname="manager.inMemory.InMemoryTaskManagerTest" time="0.024">
    <error message="не добавлен эпик к которому относится добавляемая подазадача" type="manager.exceptions.NoSuchEpicException">manager.exceptions.NoSuchEpicException: не добавлен эпик к которому относится добавляемая подазадача
</error>
    <system-out><![CDATA[{1=Epic{name='epic', desc='desc of epic', id=1, status=NEW, type=EPIC, startTime=null, duration=0, endTime=null, subtasks=[]}}
Subtask{name='subtask', desc='desc of subtask', id=3, status=NEW, type=SUBTASK, startTime=2022-07-23T22:44:48.083838+04:00[Europe/Samara], duration=10, endTime=2022-07-23T22:54:48.083838+04:00[Europe/Samara], epicId=2}
]]></system-out>
  </testcase>
  <testcase name="shouldUpdateTask" classname="manager.inMemory.InMemoryTaskManagerTest" time="0.001"/>
  <testcase name="shouldRemoveAllEpics" classname="manager.inMemory.InMemoryTaskManagerTest" time="0.001">
    <error message="не добавлен эпик к которому относится добавляемая подазадача" type="manager.exceptions.NoSuchEpicException">manager.exceptions.NoSuchEpicException: не добавлен эпик к которому относится добавляемая подазадача
</error>
    <system-out><![CDATA[{1=Epic{name='epic', desc='desc of epic', id=1, status=NEW, type=EPIC, startTime=null, duration=0, endTime=null, subtasks=[]}}
Subtask{name='subtask', desc='desc of subtask', id=3, status=NEW, type=SUBTASK, startTime=2022-07-23T22:44:48.119257+04:00[Europe/Samara], duration=10, endTime=2022-07-23T22:54:48.119257+04:00[Europe/Samara], epicId=2}
]]></system-out>
  </testcase>
  <testcase name="shouldRemoveAllTasks" classname="manager.inMemory.InMemoryTaskManagerTest" time="0.002">
    <error message="не добавлен эпик к которому относится добавляемая подазадача" type="manager.exceptions.NoSuchEpicException">manager.exceptions.NoSuchEpicException: не добавлен эпик к которому относится добавляемая подазадача
</error>
    <system-out><![CDATA[{1=Epic{name='epic', desc='desc of epic', id=1, status=NEW, type=EPIC, startTime=null, duration=0, endTime=null, subtasks=[]}}
Subtask{name='subtask', desc='desc of subtask', id=3, status=NEW, type=SUBTASK, startTime=2022-07-23T22:44:48.121532+04:00[Europe/Samara], duration=10, endTime=2022-07-23T22:54:48.121532+04:00[Europe/Samara], epicId=2}
]]></system-out>
  </testcase>
  <testcase name="shouldRemoveAllSubtasks" classname="manager.inMemory.InMemoryTaskManagerTest" time="0.002">
    <error message="не добавлен эпик к которому относится добавляемая подазадача" type="manager.exceptions.NoSuchEpicException">manager.exceptions.NoSuchEpicException: не добавлен эпик к которому относится добавляемая подазадача
</error>
    <system-out><![CDATA[{1=Epic{name='epic', desc='desc of epic', id=1, status=NEW, type=EPIC, startTime=null, duration=0, endTime=null, subtasks=[]}}
Subtask{name='subtask', desc='desc of subtask', id=3, status=NEW, type=SUBTASK, startTime=2022-07-23T22:44:48.123729+04:00[Europe/Samara], duration=10, endTime=2022-07-23T22:54:48.123729+04:00[Europe/Samara], epicId=2}
]]></system-out>
  </testcase>
  <testcase name="shouldReturnPrioritizedTasks" classname="manager.inMemory.InMemoryTaskManagerTest" time="0.002">
    <error message="не добавлен эпик к которому относится добавляемая подазадача" type="manager.exceptions.NoSuchEpicException">manager.exceptions.NoSuchEpicException: не добавлен эпик к которому относится добавляемая подазадача
</error>
    <system-out><![CDATA[{1=Epic{name='epic', desc='desc of epic', id=1, status=NEW, type=EPIC, startTime=null, duration=0, endTime=null, subtasks=[]}}
Subtask{name='subtask', desc='desc of subtask', id=3, status=NEW, type=SUBTASK, startTime=2022-07-23T22:44:48.126318+04:00[Europe/Samara], duration=10, endTime=2022-07-23T22:54:48.126318+04:00[Europe/Samara], epicId=2}
]]></system-out>
  </testcase>
  <testcase name="shouldRemoveEpicWithItsSubtasks" classname="manager.inMemory.InMemoryTaskManagerTest" time="0.004">
    <failure message="Expected manager.exceptions.InvalidIdException to be thrown, but nothing was thrown." type="org.opentest4j.AssertionFailedError">org.opentest4j.AssertionFailedError: Expected manager.exceptions.InvalidIdException to be thrown, but nothing was thrown.
</failure>
  </testcase>
  <testcase name="shouldUpdateSubtask" classname="manager.inMemory.InMemoryTaskManagerTest" time="0.006"/>
  <testcase name="shouldRemoveTask" classname="manager.inMemory.InMemoryTaskManagerTest" time="0.002">
    <failure message="Expected manager.exceptions.InvalidIdException to be thrown, but nothing was thrown." type="org.opentest4j.AssertionFailedError">org.opentest4j.AssertionFailedError: Expected manager.exceptions.InvalidIdException to be thrown, but nothing was thrown.
</failure>
  </testcase>
  <testcase name="shouldGenerateAndSetTaskId" classname="manager.inMemory.InMemoryTaskManagerTest" time="0.001">
    <error message="не добавлен эпик к которому относится добавляемая подазадача" type="manager.exceptions.NoSuchEpicException">manager.exceptions.NoSuchEpicException: не добавлен эпик к которому относится добавляемая подазадача
</error>
    <system-out><![CDATA[{1=Epic{name='epic', desc='desc of epic', id=1, status=NEW, type=EPIC, startTime=null, duration=0, endTime=null, subtasks=[]}}
Subtask{name='subtask', desc='desc of subtask', id=3, status=NEW, type=SUBTASK, startTime=2022-07-23T22:44:48.142470+04:00[Europe/Samara], duration=10, endTime=2022-07-23T22:54:48.142470+04:00[Europe/Samara], epicId=2}
]]></system-out>
  </testcase>
  <testcase name="shouldThrowNoTimeExceptionWhenAddingTimeIntersectingTask" classname="manager.inMemory.InMemoryTaskManagerTest" time="0.003"/>
  <testcase name="shouldThrowNoTimeExceptionWhenAddingDuplicateTask" classname="manager.inMemory.InMemoryTaskManagerTest" time="0.002"/>
  <testcase name="shouldReturnHistoryInCorrectOrder" classname="manager.inMemory.InMemoryTaskManagerTest" time="0.001">
    <error message="не добавлен эпик к которому относится добавляемая подазадача" type="manager.exceptions.NoSuchEpicException">manager.exceptions.NoSuchEpicException: не добавлен эпик к которому относится добавляемая подазадача
</error>
    <system-out><![CDATA[{1=Epic{name='epic', desc='desc of epic', id=1, status=NEW, type=EPIC, startTime=null, duration=0, endTime=null, subtasks=[]}}
Subtask{name='subtask', desc='desc of subtask', id=3, status=NEW, type=SUBTASK, startTime=2022-07-23T22:44:48.152440+04:00[Europe/Samara], duration=10, endTime=2022-07-23T22:54:48.152440+04:00[Europe/Samara], epicId=2}
]]></system-out>
  </testcase>
  <testcase name="shouldAddNewSubtask" classname="manager.inMemory.InMemoryTaskManagerTest" time="0.002"/>
  <testcase name="shouldRemoveSubtask" classname="manager.inMemory.InMemoryTaskManagerTest" time="0.002"/>
</testsuite>